<?xml version="1.0" encoding="UTF-8"?>
<!-- Generated by org.testng.reporters.JUnitReportReporter -->
<testsuite hostname="DESKTOP-SUE3JID" failures="0" tests="62" name="salestrace.AutomationTest" time="6.683" errors="1" timestamp="2023-12-16T20:38:50 BDT" skipped="61">
  <testcase classname="salestrace.AutomationTest" name="setUp" time="6.666">
    <error message="Could not start a new session. Response code 500. Message: session not created: This version of ChromeDriver only supports Chrome version 115
Current browser version is 120.0.6099.72 with binary path C:\Program Files\Google\Chrome\Application\chrome.exe 
Host info: host: &#039;DESKTOP-SUE3JID&#039;, ip: &#039;192.168.0.106&#039;
Build info: version: &#039;4.11.0&#039;, revision: &#039;040bc5406b&#039;
System info: os.name: &#039;Windows 10&#039;, os.arch: &#039;amd64&#039;, os.version: &#039;10.0&#039;, java.version: &#039;20.0.1&#039;
Driver info: org.openqa.selenium.chrome.ChromeDriver
Command: [null, newSession {capabilities=[Capabilities {browserName: chrome, goog:chromeOptions: {args: [--remote-allow-origins=*], extensions: []}}]}]" type="org.openqa.selenium.SessionNotCreatedException">
      <![CDATA[org.openqa.selenium.SessionNotCreatedException: Could not start a new session. Response code 500. Message: session not created: This version of ChromeDriver only supports Chrome version 115
Current browser version is 120.0.6099.72 with binary path C:\Program Files\Google\Chrome\Application\chrome.exe 
Host info: host: 'DESKTOP-SUE3JID', ip: '192.168.0.106'
Build info: version: '4.11.0', revision: '040bc5406b'
System info: os.name: 'Windows 10', os.arch: 'amd64', os.version: '10.0', java.version: '20.0.1'
Driver info: org.openqa.selenium.chrome.ChromeDriver
Command: [null, newSession {capabilities=[Capabilities {browserName: chrome, goog:chromeOptions: {args: [--remote-allow-origins=*], extensions: []}}]}]
at org.openqa.selenium.remote.ProtocolHandshake.createSession(ProtocolHandshake.java:140)
at org.openqa.selenium.remote.ProtocolHandshake.createSession(ProtocolHandshake.java:96)
at org.openqa.selenium.remote.ProtocolHandshake.createSession(ProtocolHandshake.java:68)
at org.openqa.selenium.remote.HttpCommandExecutor.execute(HttpCommandExecutor.java:163)
at org.openqa.selenium.remote.service.DriverCommandExecutor.invokeExecute(DriverCommandExecutor.java:196)
at org.openqa.selenium.remote.service.DriverCommandExecutor.execute(DriverCommandExecutor.java:171)
at org.openqa.selenium.remote.RemoteWebDriver.execute(RemoteWebDriver.java:518)
at org.openqa.selenium.remote.RemoteWebDriver.startSession(RemoteWebDriver.java:232)
at org.openqa.selenium.remote.RemoteWebDriver.<init>(RemoteWebDriver.java:159)
at org.openqa.selenium.chromium.ChromiumDriver.<init>(ChromiumDriver.java:108)
at org.openqa.selenium.chrome.ChromeDriver.<init>(ChromeDriver.java:88)
at org.openqa.selenium.chrome.ChromeDriver.<init>(ChromeDriver.java:83)
at org.openqa.selenium.chrome.ChromeDriver.<init>(ChromeDriver.java:51)
at salestrace.AutomationTest.setUp(AutomationTest.java:36)
at java.base/jdk.internal.reflect.DirectMethodHandleAccessor.invoke(DirectMethodHandleAccessor.java:104)
at java.base/java.lang.reflect.Method.invoke(Method.java:578)
at org.testng.internal.invokers.MethodInvocationHelper.invokeMethod(MethodInvocationHelper.java:139)
at org.testng.internal.invokers.MethodInvocationHelper.invokeMethodConsideringTimeout(MethodInvocationHelper.java:69)
at org.testng.internal.invokers.ConfigInvoker.invokeConfigurationMethod(ConfigInvoker.java:390)
at org.testng.internal.invokers.ConfigInvoker.invokeConfigurations(ConfigInvoker.java:325)
at org.testng.internal.invokers.TestMethodWorker.invokeBeforeClassMethods(TestMethodWorker.java:180)
at org.testng.internal.invokers.TestMethodWorker.run(TestMethodWorker.java:122)
at java.base/java.util.ArrayList.forEach(ArrayList.java:1511)
at org.testng.TestRunner.privateRun(TestRunner.java:848)
at org.testng.TestRunner.run(TestRunner.java:621)
at org.testng.SuiteRunner.runTest(SuiteRunner.java:443)
at org.testng.SuiteRunner.runSequentially(SuiteRunner.java:437)
at org.testng.SuiteRunner.privateRun(SuiteRunner.java:397)
at org.testng.SuiteRunner.run(SuiteRunner.java:336)
at org.testng.SuiteRunnerWorker.runSuite(SuiteRunnerWorker.java:52)
at org.testng.SuiteRunnerWorker.run(SuiteRunnerWorker.java:95)
at org.testng.TestNG.runSuitesSequentially(TestNG.java:1280)
at org.testng.TestNG.runSuitesLocally(TestNG.java:1200)
at org.testng.TestNG.runSuites(TestNG.java:1114)
at org.testng.TestNG.run(TestNG.java:1082)
at org.testng.remote.AbstractRemoteTestNG.run(AbstractRemoteTestNG.java:115)
at org.testng.remote.RemoteTestNG.initAndRun(RemoteTestNG.java:251)
at org.testng.remote.RemoteTestNG.main(RemoteTestNG.java:77)
]]>
    </error>
  </testcase> <!-- setUp -->
  <testcase classname="salestrace.AutomationTest" name="LoginTest" time="0.001">
    <skipped/>
  </testcase> <!-- LoginTest -->
  <testcase classname="salestrace.AutomationTest" name="home" time="0.000">
    <skipped/>
  </testcase> <!-- home -->
  <testcase classname="salestrace.AutomationTest" name="summary" time="0.000">
    <skipped/>
  </testcase> <!-- summary -->
  <testcase classname="salestrace.AutomationTest" name="status" time="0.000">
    <skipped/>
  </testcase> <!-- status -->
  <testcase classname="salestrace.AutomationTest" name="expiredcontractall" time="0.000">
    <skipped/>
  </testcase> <!-- expiredcontractall -->
  <testcase classname="salestrace.AutomationTest" name="expiredcontractauthorized" time="0.001">
    <skipped/>
  </testcase> <!-- expiredcontractauthorized -->
  <testcase classname="salestrace.AutomationTest" name="Productnotincorrectall" time="0.004">
    <skipped/>
  </testcase> <!-- Productnotincorrectall -->
  <testcase classname="salestrace.AutomationTest" name="ProductNotInCorrectAuthorized" time="0.000">
    <skipped/>
  </testcase> <!-- ProductNotInCorrectAuthorized -->
  <testcase classname="salestrace.AutomationTest" name="UnknownContractAll" time="0.000">
    <skipped/>
  </testcase> <!-- UnknownContractAll -->
  <testcase classname="salestrace.AutomationTest" name="unknownContractAuthorised" time="0.000">
    <skipped/>
  </testcase> <!-- unknownContractAuthorised -->
  <testcase classname="salestrace.AutomationTest" name="invalidPrice" time="0.000">
    <skipped/>
  </testcase> <!-- invalidPrice -->
  <testcase classname="salestrace.AutomationTest" name="unknownProduct" time="0.000">
    <skipped/>
  </testcase> <!-- unknownProduct -->
  <testcase classname="salestrace.AutomationTest" name="Tracing" time="0.000">
    <skipped/>
  </testcase> <!-- Tracing -->
  <testcase classname="salestrace.AutomationTest" name="Exceptionrule" time="0.000">
    <skipped/>
  </testcase> <!-- Exceptionrule -->
  <testcase classname="salestrace.AutomationTest" name="Dashboard" time="0.000">
    <skipped/>
  </testcase> <!-- Dashboard -->
  <testcase classname="salestrace.AutomationTest" name="EndUsers" time="0.000">
    <skipped/>
  </testcase> <!-- EndUsers -->
  <testcase classname="salestrace.AutomationTest" name="ManageHieracy" time="0.000">
    <skipped/>
  </testcase> <!-- ManageHieracy -->
  <testcase classname="salestrace.AutomationTest" name="tracingDataMapingManage" time="0.000">
    <skipped/>
  </testcase> <!-- tracingDataMapingManage -->
  <testcase classname="salestrace.AutomationTest" name="tracingDataMapingManag" time="0.000">
    <skipped/>
  </testcase> <!-- tracingDataMapingManag -->
  <testcase classname="salestrace.AutomationTest" name="Product" time="0.000">
    <skipped/>
  </testcase> <!-- Product -->
  <testcase classname="salestrace.AutomationTest" name="Distributor" time="0.000">
    <skipped/>
  </testcase> <!-- Distributor -->
  <testcase classname="salestrace.AutomationTest" name="Dashboard1" time="0.000">
    <skipped/>
  </testcase> <!-- Dashboard1 -->
  <testcase classname="salestrace.AutomationTest" name="SalesTracingTrend" time="0.000">
    <skipped/>
  </testcase> <!-- SalesTracingTrend -->
  <testcase classname="salestrace.AutomationTest" name="ByRepotingData" time="0.000">
    <skipped/>
  </testcase> <!-- ByRepotingData -->
  <testcase classname="salestrace.AutomationTest" name="ByProduction" time="0.000">
    <skipped/>
  </testcase> <!-- ByProduction -->
  <testcase classname="salestrace.AutomationTest" name="ByEndUsers" time="0.000">
    <skipped/>
  </testcase> <!-- ByEndUsers -->
  <testcase classname="salestrace.AutomationTest" name="EndUsers1" time="0.000">
    <skipped/>
  </testcase> <!-- EndUsers1 -->
  <testcase classname="salestrace.AutomationTest" name="productDetailReport" time="0.000">
    <skipped/>
  </testcase> <!-- productDetailReport -->
  <testcase classname="salestrace.AutomationTest" name="contractDetailReport" time="0.000">
    <skipped/>
  </testcase> <!-- contractDetailReport -->
  <testcase classname="salestrace.AutomationTest" name="pendingContract" time="0.000">
    <skipped/>
  </testcase> <!-- pendingContract -->
  <testcase classname="salestrace.AutomationTest" name="expiryReport" time="0.000">
    <skipped/>
  </testcase> <!-- expiryReport -->
  <testcase classname="salestrace.AutomationTest" name="expiryReport1" time="0.000">
    <skipped/>
  </testcase> <!-- expiryReport1 -->
  <testcase classname="salestrace.AutomationTest" name="UsageReport" time="0.000">
    <skipped/>
  </testcase> <!-- UsageReport -->
  <testcase classname="salestrace.AutomationTest" name="PricingExpiringContracts" time="0.001">
    <skipped/>
  </testcase> <!-- PricingExpiringContracts -->
  <testcase classname="salestrace.AutomationTest" name="ViewPricingDetails" time="0.001">
    <skipped/>
  </testcase> <!-- ViewPricingDetails -->
  <testcase classname="salestrace.AutomationTest" name="EnduserContracthome" time="0.000">
    <skipped/>
  </testcase> <!-- EnduserContracthome -->
  <testcase classname="salestrace.AutomationTest" name="FindContractView" time="0.000">
    <skipped/>
  </testcase> <!-- FindContractView -->
  <testcase classname="salestrace.AutomationTest" name="initiateContract" time="0.000">
    <skipped/>
  </testcase> <!-- initiateContract -->
  <testcase classname="salestrace.AutomationTest" name="manageRole" time="0.000">
    <skipped/>
  </testcase> <!-- manageRole -->
  <testcase classname="salestrace.AutomationTest" name="Sendnotification" time="0.000">
    <skipped/>
  </testcase> <!-- Sendnotification -->
  <testcase classname="salestrace.AutomationTest" name="notificationHistory" time="0.000">
    <skipped/>
  </testcase> <!-- notificationHistory -->
  <testcase classname="salestrace.AutomationTest" name="contractDetailReport1" time="0.000">
    <skipped/>
  </testcase> <!-- contractDetailReport1 -->
  <testcase classname="salestrace.AutomationTest" name="priceActivationHistory" time="0.000">
    <skipped/>
  </testcase> <!-- priceActivationHistory -->
  <testcase classname="salestrace.AutomationTest" name="eligibilityCompliance" time="0.000">
    <skipped/>
  </testcase> <!-- eligibilityCompliance -->
  <testcase classname="salestrace.AutomationTest" name="enduserProfile" time="0.000">
    <skipped/>
  </testcase> <!-- enduserProfile -->
  <testcase classname="salestrace.AutomationTest" name="viewProgram" time="0.000">
    <skipped/>
  </testcase> <!-- viewProgram -->
  <testcase classname="salestrace.AutomationTest" name="addnew" time="0.002">
    <skipped/>
  </testcase> <!-- addnew -->
  <testcase classname="salestrace.AutomationTest" name="gpoMemberMatch" time="0.000">
    <skipped/>
  </testcase> <!-- gpoMemberMatch -->
  <testcase classname="salestrace.AutomationTest" name="gpoMemberRepository" time="0.001">
    <skipped/>
  </testcase> <!-- gpoMemberRepository -->
  <testcase classname="salestrace.AutomationTest" name="rebateSummary" time="0.000">
    <skipped/>
  </testcase> <!-- rebateSummary -->
  <testcase classname="salestrace.AutomationTest" name="rebateVarienceDetailReport" time="0.000">
    <skipped/>
  </testcase> <!-- rebateVarienceDetailReport -->
  <testcase classname="salestrace.AutomationTest" name="rebateExclusion" time="0.004">
    <skipped/>
  </testcase> <!-- rebateExclusion -->
  <testcase classname="salestrace.AutomationTest" name="Setting" time="0.000">
    <skipped/>
  </testcase> <!-- Setting -->
  <testcase classname="salestrace.AutomationTest" name="Dataload" time="0.001">
    <skipped/>
  </testcase> <!-- Dataload -->
  <testcase classname="salestrace.AutomationTest" name="EDIDataValidate" time="0.000">
    <skipped/>
  </testcase> <!-- EDIDataValidate -->
  <testcase classname="salestrace.AutomationTest" name="NonEDIDataLoadDetais" time="0.001">
    <skipped/>
  </testcase> <!-- NonEDIDataLoadDetais -->
  <testcase classname="salestrace.AutomationTest" name="userManagement" time="0.000">
    <skipped/>
  </testcase> <!-- userManagement -->
  <testcase classname="salestrace.AutomationTest" name="roleManagement" time="0.000">
    <skipped/>
  </testcase> <!-- roleManagement -->
  <testcase classname="salestrace.AutomationTest" name="NonEDIDataLoadDetails" time="0.000">
    <skipped/>
  </testcase> <!-- NonEDIDataLoadDetails -->
  <testcase classname="salestrace.AutomationTest" name="GPOMemberRoster" time="0.000">
    <skipped/>
  </testcase> <!-- GPOMemberRoster -->
  <testcase classname="salestrace.AutomationTest" name="MetaDataManagement" time="0.000">
    <skipped/>
  </testcase> <!-- MetaDataManagement -->
</testsuite> <!-- salestrace.AutomationTest -->
